Loading project configuration... 
Success
/data/users/c407_2025/miniconda3/envs/flwr/lib/python3.11/site-packages/ray/_private/worker.py:2051: FutureWarning: Tip: In future versions of Ray, Ray will no longer override accelerator visible devices env var if num_gpus=0 or num_gpus=None (default). To enable this behavior and turn off this error message, set RAY_ACCEL_ENV_VAR_OVERRIDE_ON_ZERO=0
  warnings.warn(
Warning: You are sending unauthenticated requests to the HF Hub. Please set a HF_TOKEN to enable higher rate limits and faster downloads.
[36m(pid=gcs_server)[0m [2026-03-02 08:04:09,971 E 59923 59923] (gcs_server) gcs_server.cc:302: Failed to establish connection to the event+metrics exporter agent. Events and metrics will not be exported. Exporter agent status: RpcError: Running out of retries to initialize the metrics agent. rpc_code: 14
[33m(raylet)[0m [2026-03-02 08:04:10,772 E 60184 60184] (raylet) main.cc:975: Failed to establish connection to the metrics exporter agent. Metrics will not be exported. Exporter agent status: RpcError: Running out of retries to initialize the metrics agent. rpc_code: 14
[36m(pid=60300)[0m [2026-03-02 08:04:11,240 E 60300 61034] core_worker_process.cc:825: Failed to establish connection to the metrics exporter agent. Metrics will not be exported. Exporter agent status: RpcError: Running out of retries to initialize the metrics agent. rpc_code: 14
[2026-03-02 08:04:12,227 E 59762 60295] core_worker_process.cc:825: Failed to establish connection to the metrics exporter agent. Metrics will not be exported. Exporter agent status: RpcError: Running out of retries to initialize the metrics agent. rpc_code: 14
[36m(ClientAppActor pid=66019)[0m Warning: You are sending unauthenticated requests to the HF Hub. Please set a HF_TOKEN to enable higher rate limits and faster downloads.
[36m(ClientAppActor pid=66014)[0m [2026-03-02 08:04:12,866 E 66014 67278] core_worker_process.cc:825: Failed to establish connection to the metrics exporter agent. Metrics will not be exported. Exporter agent status: RpcError: Running out of retries to initialize the metrics agent. rpc_code: 14[32m [repeated 79x across cluster] (Ray deduplicates logs by default. Set RAY_DEDUP_LOGS=0 to disable log deduplication, or see https://docs.ray.io/en/master/ray-observability/user-guides/configure-logging.html#log-deduplication for more options.)[0m
============================================================
PASS + GTG-Shapley - Federated Learning (Fixed)
============================================================
Dataset: cifar10
Number of rounds: 20
Learning rate: 0.01
GTG-Shapley Parameters: alpha=0.5, beta=2.0
============================================================
[Round 0] Accuracy: 0.1005, Loss: 2.3021
Initial accuracy: 0.1005
Initial model saved as baseline for GTG-Shapley

============================================================
[ROUND 1/20]
============================================================
[36m(ClientAppActor pid=66019)[0m [Client 2] AFR - Returning original params with noise
[36m(ClientAppActor pid=66018)[0m [Client 7] SFR - Training on wrong dataset

[Round 1] Contribution Scores (threshold=0.0500):
  Client 2: score = 1.0000
  Client 1: score = 1.0000
  Client 9: score = 1.0000
  Client 0: score = 1.0000
  Client 5: score = 1.0000
  Client 7: score = 1.0000
  Client 4: score = 1.0000
  Client 3: score = 1.0000
  Client 6: score = 1.0000
  Client 8: score = 1.0000
[Round 1] Accuracy: 0.2690, Loss: 2.1786

============================================================
[ROUND 2/20]
============================================================
[36m(ClientAppActor pid=66010)[0m [Client 7] SFR - Training on wrong dataset
[36m(ClientAppActor pid=66014)[0m [Client 2] AFR - Returning original params with noise

[Round 2] GTG-Shapley Values:
  Client 0: mean = 0.029519, std = 0.004916
  Client 1: mean = 0.031274, std = 0.004560
  Client 2: mean = -0.001400, std = 0.001536
  Client 3: mean = 0.017852, std = 0.007786
  Client 4: mean = 0.035770, std = 0.005596
  Client 5: mean = 0.018659, std = 0.002593
  Client 6: mean = 0.015526, std = 0.002164
  Client 7: mean = -0.001874, std = 0.002998
  Client 8: mean = 0.013289, std = 0.002502
  Client 9: mean = 0.030844, std = 0.005029

[Round 2] Contribution Scores (threshold=0.0500):
  Client 7: score = 0.5000
  Client 2: score = 0.5063
  Client 8: score = 0.7014
  Client 6: score = 0.7311
  Client 0: score = 0.9170
  Client 3: score = 0.7620
  Client 5: score = 0.7727
  Client 1: score = 0.9403
  Client 9: score = 0.9346
  Client 4: score = 1.0000
[Round 2] Accuracy: 0.2958, Loss: 2.0053

============================================================
[ROUND 3/20]
============================================================
[36m(ClientAppActor pid=66006)[0m [Client 2] AFR - Returning original params with noise
[36m(ClientAppActor pid=66017)[0m [Client 7] SFR - Training on wrong dataset

[Round 3] GTG-Shapley Values:
  Client 0: mean = 0.002644, std = 0.002064
  Client 1: mean = 0.001533, std = 0.001950
  Client 2: mean = -0.000259, std = 0.001058
  Client 3: mean = 0.003156, std = 0.001655
  Client 4: mean = 0.003044, std = 0.000685
  Client 5: mean = 0.006644, std = 0.002330
  Client 6: mean = 0.007281, std = 0.002543
  Client 7: mean = -0.001370, std = 0.001477
  Client 8: mean = 0.009193, std = 0.003043
  Client 9: mean = -0.000770, std = 0.001879

[Round 3] Contribution Scores (threshold=0.0500):
  Client 7: score = 0.2500
  Client 2: score = 0.2720
  Client 8: score = 0.6565
  Client 6: score = 0.6753
  Client 4: score = 1.0000
  Client 9: score = 0.8634
  Client 5: score = 0.7257
  Client 0: score = 0.8794
  Client 3: score = 0.6693
  Client 1: score = 0.8987
[Round 3] Accuracy: 0.3194, Loss: 1.9125

============================================================
[ROUND 4/20]
============================================================
[36m(ClientAppActor pid=66019)[0m [Client 7] SFR - Training on wrong dataset
[36m(ClientAppActor pid=66017)[0m [Client 2] AFR - Returning original params with noise

[Round 4] GTG-Shapley Values:
  Client 0: mean = 0.002252, std = 0.001558
  Client 1: mean = 0.003044, std = 0.001104
  Client 2: mean = -0.001052, std = 0.000678
  Client 3: mean = 0.002015, std = 0.001280
  Client 4: mean = 0.003030, std = 0.001717
  Client 5: mean = 0.003504, std = 0.001383
  Client 6: mean = 0.006711, std = 0.002940
  Client 7: mean = -0.000696, std = 0.000843
  Client 8: mean = 0.007281, std = 0.001765
  Client 9: mean = 0.003533, std = 0.003092

[Round 4] Contribution Scores (threshold=0.0500):
  Client 7: score = 0.1250
  Client 2: score = 0.1494
  Client 6: score = 0.7030
  Client 1: score = 0.8839
  Client 3: score = 0.6291
  Client 8: score = 0.6963
  Client 5: score = 0.7205
  Client 9: score = 0.8417
  Client 0: score = 0.8586
  Client 4: score = 1.0000
[Round 4] Accuracy: 0.3394, Loss: 1.8562

============================================================
[ROUND 5/20]
============================================================
[36m(ClientAppActor pid=66006)[0m [Client 7] SFR - Training on wrong dataset
[36m(ClientAppActor pid=66017)[0m [Client 2] AFR - Returning original params with noise

[Round 5] GTG-Shapley Values:
  Client 0: mean = 0.002141, std = 0.001531
  Client 1: mean = 0.003956, std = 0.002699
  Client 2: mean = -0.000378, std = 0.000552
  Client 3: mean = 0.002533, std = 0.001100
  Client 4: mean = 0.000393, std = 0.001362
  Client 5: mean = 0.003215, std = 0.002225
  Client 6: mean = 0.005763, std = 0.002569
  Client 7: mean = -0.000252, std = 0.000763
  Client 8: mean = 0.001585, std = 0.001795
  Client 9: mean = 0.000585, std = 0.000789

[Round 5] Contribution Scores (threshold=0.0500):
  Client 2: score = 0.0866
  Client 7: score = 0.0625
  Client 6: score = 0.7766
  Client 9: score = 0.8342
  Client 4: score = 1.0000
  Client 1: score = 0.9158
  Client 0: score = 0.8681
  Client 3: score = 0.6349
  Client 5: score = 0.7502
  Client 8: score = 0.7309
[Round 5] Accuracy: 0.3542, Loss: 1.8144

============================================================
[ROUND 6/20]
============================================================
[36m(ClientAppActor pid=66010)[0m [Client 2] AFR - Returning original params with noise
[36m(ClientAppActor pid=66006)[0m [Client 7] SFR - Training on wrong dataset
[36m(ClientAppActor pid=66018)[0m [GTG-Shapley] Between-round truncation: |0.3310 - 0.3330| = 0.0020 <= 0.005

[Round 6] GTG-Shapley Values:
  Client 0: mean = 0.000481, std = 0.001602
  Client 1: mean = 0.002519, std = 0.002058
  Client 2: mean = 0.000119, std = 0.000594
  Client 3: mean = 0.003163, std = 0.002107
  Client 4: mean = 0.002274, std = 0.001787
  Client 5: mean = 0.001852, std = 0.001756
  Client 6: mean = 0.002830, std = 0.001882
  Client 7: mean = -0.000378, std = 0.000887
  Client 8: mean = 0.001481, std = 0.000967
  Client 9: mean = 0.000000, std = 0.001534

[Round 6] Contribution Scores (threshold=0.0500):
  Client 2: score = 0.0596
  Client 7: score = 0.0312 [ELIMINATED]
  Client 1: score = 0.9356
  Client 8: score = 0.7464
  Client 4: score = 1.0000
  Client 3: score = 0.6566
  Client 0: score = 0.8579
  Client 5: score = 0.7668
  Client 6: score = 0.8231
  Client 9: score = 0.8120

[FREE-RIDERS DETECTED]: ['7']
[Round 6] Accuracy: 0.3658, Loss: 1.7774

============================================================
[ROUND 7/20]
============================================================
[36m(ClientAppActor pid=66013)[0m [Client 7] SFR - Training on wrong dataset
[36m(ClientAppActor pid=66017)[0m [Client 2] AFR - Returning original params with noise
[36m(ClientAppActor pid=66015)[0m [GTG-Shapley] Between-round truncation: |0.3890 - 0.3850| = 0.0040 <= 0.005

[Round 7] GTG-Shapley Values:
  Client 0: mean = 0.000807, std = 0.001187
  Client 1: mean = 0.003348, std = 0.003788
  Client 2: mean = -0.000378, std = 0.000913
  Client 3: mean = 0.002452, std = 0.002064
  Client 4: mean = 0.000415, std = 0.001463
  Client 5: mean = 0.000911, std = 0.001593
  Client 6: mean = 0.000615, std = 0.000833
  Client 7: mean = -0.000496, std = 0.000763
  Client 8: mean = 0.001978, std = 0.001503
  Client 9: mean = 0.000007, std = 0.000913

[Round 7] Contribution Scores (threshold=0.0500):
  Client 7: score = 0.0156 [ELIMINATED]
  Client 2: score = 0.0467 [ELIMINATED]
  Client 8: score = 0.7661
  Client 5: score = 0.7761
  Client 9: score = 0.7929
  Client 1: score = 0.9678
  Client 4: score = 0.9926
  Client 3: score = 0.6854
  Client 0: score = 0.8518
  Client 6: score = 0.8431

[FREE-RIDERS DETECTED]: ['7', '2']
[Round 7] Accuracy: 0.3783, Loss: 1.7445

============================================================
[ROUND 8/20]
============================================================
[36m(ClientAppActor pid=66010)[0m [Client 7] SFR - Training on wrong dataset
[36m(ClientAppActor pid=66017)[0m [GTG-Shapley] Between-round truncation: |0.3560 - 0.3540| = 0.0020 <= 0.005
[36m(ClientAppActor pid=66005)[0m [Client 2] AFR - Returning original params with noise

[Round 8] GTG-Shapley Values:
  Client 0: mean = 0.001467, std = 0.000947
  Client 1: mean = 0.002274, std = 0.002068
  Client 2: mean = -0.000133, std = 0.000527
  Client 3: mean = 0.001704, std = 0.000592
  Client 4: mean = 0.002356, std = 0.001267
  Client 5: mean = 0.002274, std = 0.001576
  Client 6: mean = 0.001593, std = 0.001726
  Client 7: mean = -0.000570, std = 0.000776
  Client 8: mean = 0.002437, std = 0.002266
  Client 9: mean = 0.000615, std = 0.003011

[Round 8] Contribution Scores (threshold=0.0500):
  Client 2: score = 0.0435 [ELIMINATED]
  Client 7: score = 0.0078 [ELIMINATED]
  Client 6: score = 0.8504
  Client 4: score = 0.9901
  Client 3: score = 0.7020
  Client 0: score = 0.8453
  Client 8: score = 0.7832
  Client 1: score = 0.9839
  Client 5: score = 0.7864
  Client 9: score = 0.7739

[FREE-RIDERS DETECTED]: ['2', '7']
[Round 8] Accuracy: 0.3883, Loss: 1.7123

============================================================
[ROUND 9/20]
============================================================
[36m(ClientAppActor pid=66018)[0m [Client 2] AFR - Returning original params with noise
[36m(ClientAppActor pid=66019)[0m [Client 7] SFR - Training on wrong dataset
[36m(ClientAppActor pid=66018)[0m [GTG-Shapley] Between-round truncation: |0.3750 - 0.3720| = 0.0030 <= 0.005

[Round 9] GTG-Shapley Values:
  Client 0: mean = 0.001170, std = 0.001817
  Client 1: mean = 0.001541, std = 0.001600
  Client 2: mean = -0.000533, std = 0.000703
  Client 3: mean = 0.002911, std = 0.001566
  Client 4: mean = 0.000585, std = 0.001476
  Client 5: mean = 0.001081, std = 0.001101
  Client 6: mean = 0.002422, std = 0.001467
  Client 7: mean = -0.000274, std = 0.000832
  Client 8: mean = 0.001911, std = 0.001971
  Client 9: mean = 0.000637, std = 0.001000

[Round 9] Contribution Scores (threshold=0.0500):
  Client 7: score = 0.0039 [ELIMINATED]
  Client 2: score = 0.0389 [ELIMINATED]
  Client 9: score = 0.7603
  Client 8: score = 0.7983
  Client 3: score = 0.7273
  Client 1: score = 0.9920
  Client 5: score = 0.7908
  Client 4: score = 0.9804
  Client 6: score = 0.8643
  Client 0: score = 0.8414

[FREE-RIDERS DETECTED]: ['7', '2']
[Round 9] Accuracy: 0.4010, Loss: 1.6811

============================================================
[ROUND 10/20]
============================================================
[36m(ClientAppActor pid=66015)[0m [Client 7] SFR - Training on wrong dataset
[36m(ClientAppActor pid=66017)[0m [Client 2] AFR - Returning original params with noise
[36m(ClientAppActor pid=66005)[0m [GTG-Shapley] Between-round truncation: |0.4140 - 0.4120| = 0.0020 <= 0.005

[Round 10] GTG-Shapley Values:
  Client 0: mean = 0.000963, std = 0.000768
  Client 1: mean = 0.002252, std = 0.000992
  Client 2: mean = -0.000022, std = 0.000779
  Client 3: mean = 0.001793, std = 0.001304
  Client 4: mean = 0.000267, std = 0.001431
  Client 5: mean = 0.002274, std = 0.001157
  Client 6: mean = 0.001770, std = 0.001344
  Client 7: mean = -0.000193, std = 0.000555
  Client 8: mean = 0.002607, std = 0.001956
  Client 9: mean = 0.002030, std = 0.002068

[Round 10] Contribution Scores (threshold=0.0500):
  Client 2: score = 0.0373 [ELIMINATED]
  Client 7: score = 0.0020 [ELIMINATED]
  Client 3: score = 0.7412
  Client 5: score = 0.7975
  Client 6: score = 0.8696
  Client 8: score = 0.8129
  Client 4: score = 0.9590
  Client 9: score = 0.7569
  Client 1: score = 0.9960
  Client 0: score = 0.8317

[FREE-RIDERS DETECTED]: ['2', '7']
[Round 10] Accuracy: 0.4104, Loss: 1.6517

============================================================
[ROUND 11/20]
============================================================
[36m(ClientAppActor pid=66013)[0m [Client 7] SFR - Training on wrong dataset
[36m(ClientAppActor pid=66018)[0m [Client 2] AFR - Returning original params with noise
[36m(ClientAppActor pid=66006)[0m [GTG-Shapley] Between-round truncation: |0.4280 - 0.4270| = 0.0010 <= 0.005

[Round 11] GTG-Shapley Values:
  Client 0: mean = 0.000807, std = 0.000592
  Client 1: mean = 0.000978, std = 0.001057
  Client 2: mean = 0.000526, std = 0.000837
  Client 3: mean = 0.002319, std = 0.002920
  Client 4: mean = 0.001237, std = 0.001380
  Client 5: mean = 0.000644, std = 0.001714
  Client 6: mean = 0.001444, std = 0.001775
  Client 7: mean = -0.000119, std = 0.000401
  Client 8: mean = 0.001622, std = 0.001863
  Client 9: mean = 0.000422, std = 0.000876

[Round 11] Contribution Scores (threshold=0.0500):
  Client 2: score = 0.0416 [ELIMINATED]
  Client 7: score = 0.0010 [ELIMINATED]
  Client 1: score = 0.9980
  Client 3: score = 0.7619
  Client 8: score = 0.8273
  Client 0: score = 0.8271
  Client 6: score = 0.8775
  Client 5: score = 0.7998
  Client 9: score = 0.7528
  Client 4: score = 0.9511

[FREE-RIDERS DETECTED]: ['2', '7']
[Round 11] Accuracy: 0.4183, Loss: 1.6237

============================================================
[ROUND 12/20]
============================================================
[36m(ClientAppActor pid=66017)[0m [Client 2] AFR - Returning original params with noise
[36m(ClientAppActor pid=66005)[0m [GTG-Shapley] Between-round truncation: |0.3760 - 0.3760| = 0.0000 <= 0.005[32m [repeated 2x across cluster][0m
[36m(ClientAppActor pid=66005)[0m [Client 7] SFR - Training on wrong dataset
[36m(ClientAppActor pid=66013)[0m [GTG-Shapley] Between-round truncation: |0.4120 - 0.4100| = 0.0020 <= 0.005
[36m(ClientAppActor pid=66017)[0m [GTG-Shapley] Between-round truncation: |0.3980 - 0.3980| = 0.0000 <= 0.005

[Round 12] GTG-Shapley Values:
  Client 0: mean = 0.001963, std = 0.001641
  Client 1: mean = 0.003541, std = 0.002639
  Client 2: mean = -0.000037, std = 0.000810
  Client 3: mean = 0.000363, std = 0.001429
  Client 4: mean = -0.000385, std = 0.001214
  Client 5: mean = 0.002378, std = 0.002172
  Client 6: mean = 0.000689, std = 0.001744
  Client 7: mean = -0.000030, std = 0.000316
  Client 8: mean = 0.001200, std = 0.001417
  Client 9: mean = 0.000319, std = 0.001067

[Round 12] Contribution Scores (threshold=0.0500):
  Client 2: score = 0.0424 [ELIMINATED]
  Client 7: score = 0.0005 [ELIMINATED]
  Client 4: score = 0.9174
  Client 5: score = 0.7974
  Client 0: score = 0.8172
  Client 3: score = 0.7529
  Client 6: score = 0.8618
  Client 8: score = 0.8203
  Client 1: score = 0.9990
  Client 9: score = 0.7321

[FREE-RIDERS DETECTED]: ['2', '7']
[Round 12] Accuracy: 0.4298, Loss: 1.5973

============================================================
[ROUND 13/20]
============================================================
[36m(ClientAppActor pid=66018)[0m [Client 2] AFR - Returning original params with noise
[36m(ClientAppActor pid=66014)[0m [Client 7] SFR - Training on wrong dataset
[36m(ClientAppActor pid=66015)[0m [GTG-Shapley] Between-round truncation: |0.3970 - 0.3970| = 0.0000 <= 0.005

[Round 13] GTG-Shapley Values:
  Client 0: mean = 0.001704, std = 0.001720
  Client 1: mean = 0.000281, std = 0.000884
  Client 2: mean = 0.000326, std = 0.000894
  Client 3: mean = -0.001030, std = 0.002124
  Client 4: mean = 0.001074, std = 0.001992
  Client 5: mean = 0.001385, std = 0.001769
  Client 6: mean = 0.002015, std = 0.002145
  Client 7: mean = -0.000133, std = 0.000196
  Client 8: mean = 0.000193, std = 0.001217
  Client 9: mean = 0.000370, std = 0.000642

[Round 13] Contribution Scores (threshold=0.0500):
  Client 7: score = 0.0002 [ELIMINATED]
  Client 2: score = 0.0464 [ELIMINATED]
  Client 1: score = 0.9995
  Client 4: score = 0.9072
  Client 3: score = 0.7389
  Client 8: score = 0.8167
  Client 9: score = 0.7234
  Client 5: score = 0.8056
  Client 0: score = 0.8242
  Client 6: score = 0.8683

[FREE-RIDERS DETECTED]: ['7', '2']
[Round 13] Accuracy: 0.4365, Loss: 1.5740

============================================================
[ROUND 14/20]
============================================================
[36m(ClientAppActor pid=66011)[0m [Client 2] AFR - Returning original params with noise
[36m(ClientAppActor pid=66005)[0m [GTG-Shapley] Between-round truncation: |0.4370 - 0.4350| = 0.0020 <= 0.005
[36m(ClientAppActor pid=66014)[0m [Client 7] SFR - Training on wrong dataset
[36m(ClientAppActor pid=66013)[0m [GTG-Shapley] Between-round truncation: |0.4310 - 0.4320| = 0.0010 <= 0.005

[Round 14] GTG-Shapley Values:
  Client 0: mean = 0.000207, std = 0.000707
  Client 1: mean = -0.000215, std = 0.001600
  Client 2: mean = 0.000652, std = 0.000858
  Client 3: mean = 0.000207, std = 0.001109
  Client 4: mean = 0.002230, std = 0.001869
  Client 5: mean = 0.001696, std = 0.001980
  Client 6: mean = 0.001667, std = 0.001263
  Client 7: mean = -0.000333, std = 0.000747
  Client 8: mean = 0.001681, std = 0.001924
  Client 9: mean = 0.001770, std = 0.001632

[Round 14] Contribution Scores (threshold=0.0500):
  Client 2: score = 0.0561
  Client 7: score = 0.0001 [ELIMINATED]
  Client 0: score = 0.8312
  Client 6: score = 0.8866
  Client 5: score = 0.8250
  Client 3: score = 0.7355
  Client 9: score = 0.7351
  Client 8: score = 0.8301
  Client 4: score = 0.9216
  Client 1: score = 0.9997

[FREE-RIDERS DETECTED]: ['7']
[Round 14] Accuracy: 0.4445, Loss: 1.5529

============================================================
[ROUND 15/20]
============================================================
[36m(ClientAppActor pid=66018)[0m [Client 2] AFR - Returning original params with noise
[36m(ClientAppActor pid=66015)[0m [GTG-Shapley] Between-round truncation: |0.4340 - 0.4330| = 0.0010 <= 0.005
[36m(ClientAppActor pid=66017)[0m [Client 7] SFR - Training on wrong dataset
[36m(ClientAppActor pid=66013)[0m [GTG-Shapley] Between-round truncation: |0.4310 - 0.4270| = 0.0040 <= 0.005

[Round 15] GTG-Shapley Values:
  Client 0: mean = 0.001644, std = 0.001483
  Client 1: mean = 0.000422, std = 0.001330
  Client 2: mean = 0.000141, std = 0.000545
  Client 3: mean = 0.000719, std = 0.001571
  Client 4: mean = 0.000415, std = 0.000844
  Client 5: mean = 0.001252, std = 0.001685
  Client 6: mean = 0.000733, std = 0.000776
  Client 7: mean = -0.000081, std = 0.000198
  Client 8: mean = 0.001296, std = 0.001746
  Client 9: mean = -0.000763, std = 0.000839

[Round 15] Contribution Scores (threshold=0.0500):
  Client 7: score = 0.0001 [ELIMINATED]
  Client 2: score = 0.0624
  Client 4: score = 0.9290
  Client 1: score = 0.9999
  Client 8: score = 0.8443
  Client 5: score = 0.8419
  Client 3: score = 0.7372
  Client 0: score = 0.8450
  Client 9: score = 0.7326
  Client 6: score = 0.8985

[FREE-RIDERS DETECTED]: ['7']
[Round 15] Accuracy: 0.4507, Loss: 1.5339

============================================================
[ROUND 16/20]
============================================================
[36m(ClientAppActor pid=66018)[0m [Client 2] AFR - Returning original params with noise
[36m(ClientAppActor pid=66015)[0m [GTG-Shapley] Between-round truncation: |0.4490 - 0.4480| = 0.0010 <= 0.005[32m [repeated 2x across cluster][0m
[36m(ClientAppActor pid=66015)[0m [Client 7] SFR - Training on wrong dataset
[36m(ClientAppActor pid=66019)[0m [GTG-Shapley] Between-round truncation: |0.4770 - 0.4730| = 0.0040 <= 0.005
[36m(ClientAppActor pid=66011)[0m [GTG-Shapley] Between-round truncation: |0.4360 - 0.4350| = 0.0010 <= 0.005

[Round 16] GTG-Shapley Values:
  Client 0: mean = -0.000119, std = 0.000482
  Client 1: mean = 0.001059, std = 0.001609
  Client 2: mean = -0.000156, std = 0.000270
  Client 3: mean = -0.000148, std = 0.001266
  Client 4: mean = -0.000185, std = 0.000763
  Client 5: mean = 0.000030, std = 0.001693
  Client 6: mean = -0.000267, std = 0.000891
  Client 7: mean = 0.000193, std = 0.000599
  Client 8: mean = 0.000096, std = 0.002206
  Client 9: mean = -0.000074, std = 0.000171

[Round 16] Contribution Scores (threshold=0.0500):
  Client 7: score = 0.0000 [ELIMINATED]
  Client 2: score = 0.0624
  Client 1: score = 0.9999
  Client 3: score = 0.7304
  Client 5: score = 0.8433
  Client 8: score = 0.8449
  Client 9: score = 0.7244
  Client 6: score = 0.8948
  Client 4: score = 0.9234
  Client 0: score = 0.8437

[FREE-RIDERS DETECTED]: ['7']
[Round 16] Accuracy: 0.4551, Loss: 1.5178

============================================================
[ROUND 17/20]
============================================================
[36m(ClientAppActor pid=66019)[0m [Client 7] SFR - Training on wrong dataset
[36m(ClientAppActor pid=66005)[0m [GTG-Shapley] Between-round truncation: |0.4600 - 0.4570| = 0.0030 <= 0.005[32m [repeated 3x across cluster][0m
[36m(ClientAppActor pid=66017)[0m [Client 2] AFR - Returning original params with noise
[36m(ClientAppActor pid=66018)[0m [GTG-Shapley] Between-round truncation: |0.4380 - 0.4350| = 0.0030 <= 0.005
[36m(ClientAppActor pid=66010)[0m [GTG-Shapley] Between-round truncation: |0.4760 - 0.4740| = 0.0020 <= 0.005

[Round 17] GTG-Shapley Values:
  Client 0: mean = 0.000296, std = 0.000929
  Client 1: mean = 0.001415, std = 0.001418
  Client 2: mean = -0.000356, std = 0.000409
  Client 3: mean = 0.001326, std = 0.001702
  Client 4: mean = 0.000667, std = 0.001251
  Client 5: mean = 0.001400, std = 0.001544
  Client 6: mean = 0.002037, std = 0.001831
  Client 7: mean = 0.000378, std = 0.000434
  Client 8: mean = 0.000333, std = 0.001240
  Client 9: mean = 0.000015, std = 0.001081

[Round 17] Contribution Scores (threshold=0.0500):
  Client 7: score = 0.0000 [ELIMINATED]
  Client 2: score = 0.0563
  Client 0: score = 0.8357
  Client 3: score = 0.7286
  Client 1: score = 1.0000
  Client 8: score = 0.8381
  Client 6: score = 0.8986
  Client 4: score = 0.9156
  Client 9: score = 0.7119
  Client 5: score = 0.8451

[FREE-RIDERS DETECTED]: ['7']
[Round 17] Accuracy: 0.4594, Loss: 1.5029

============================================================
[ROUND 18/20]
============================================================
[36m(ClientAppActor pid=66013)[0m [Client 7] SFR - Training on wrong dataset
[36m(ClientAppActor pid=66017)[0m [GTG-Shapley] Between-round truncation: |0.4340 - 0.4370| = 0.0030 <= 0.005
[36m(ClientAppActor pid=66019)[0m [Client 2] AFR - Returning original params with noise
[36m(ClientAppActor pid=66006)[0m [GTG-Shapley] Between-round truncation: |0.4660 - 0.4660| = 0.0000 <= 0.005

[Round 18] GTG-Shapley Values:
  Client 0: mean = 0.000422, std = 0.002606
  Client 1: mean = 0.001844, std = 0.002392
  Client 2: mean = -0.000178, std = 0.000715
  Client 3: mean = 0.001252, std = 0.001620
  Client 4: mean = -0.000141, std = 0.001061
  Client 5: mean = 0.000563, std = 0.000553
  Client 6: mean = -0.000341, std = 0.001014
  Client 7: mean = 0.000007, std = 0.000427
  Client 8: mean = 0.001030, std = 0.001665
  Client 9: mean = 0.000644, std = 0.001134

[Round 18] Contribution Scores (threshold=0.0500):
  Client 2: score = 0.0512
  Client 7: score = 0.0000 [ELIMINATED]
  Client 4: score = 0.8982
  Client 5: score = 0.8385
  Client 8: score = 0.8310
  Client 1: score = 1.0000
  Client 9: score = 0.7008
  Client 3: score = 0.7270
  Client 0: score = 0.8235
  Client 6: score = 0.8855

[FREE-RIDERS DETECTED]: ['7']
[Round 18] Accuracy: 0.4679, Loss: 1.4892

============================================================
[ROUND 19/20]
============================================================
[36m(ClientAppActor pid=66018)[0m [Client 7] SFR - Training on wrong dataset
[36m(ClientAppActor pid=66018)[0m [GTG-Shapley] Between-round truncation: |0.4430 - 0.4390| = 0.0040 <= 0.005[32m [repeated 2x across cluster][0m
[36m(ClientAppActor pid=66019)[0m [Client 2] AFR - Returning original params with noise
[36m(ClientAppActor pid=66005)[0m [GTG-Shapley] Between-round truncation: |0.4590 - 0.4600| = 0.0010 <= 0.005
[36m(ClientAppActor pid=66014)[0m [GTG-Shapley] Between-round truncation: |0.4360 - 0.4390| = 0.0030 <= 0.005

[Round 19] GTG-Shapley Values:
  Client 0: mean = 0.000674, std = 0.001234
  Client 1: mean = 0.000156, std = 0.000895
  Client 2: mean = 0.000015, std = 0.000291
  Client 3: mean = 0.000363, std = 0.001723
  Client 4: mean = -0.000556, std = 0.001797
  Client 5: mean = 0.000681, std = 0.000861
  Client 6: mean = 0.000022, std = 0.000732
  Client 7: mean = 0.000193, std = 0.000398
  Client 8: mean = 0.000296, std = 0.001868
  Client 9: mean = -0.000311, std = 0.001589

[Round 19] Contribution Scores (threshold=0.0500):
  Client 2: score = 0.0474 [ELIMINATED]
  Client 7: score = 0.0000 [ELIMINATED]
  Client 0: score = 0.8212
  Client 5: score = 0.8391
  Client 9: score = 0.6917
  Client 8: score = 0.8284
  Client 1: score = 1.0000
  Client 6: score = 0.8780
  Client 3: score = 0.7276
  Client 4: score = 0.8842

[FREE-RIDERS DETECTED]: ['2', '7']
[Round 19] Accuracy: 0.4718, Loss: 1.4756

============================================================
[ROUND 20/20]
============================================================
[36m(ClientAppActor pid=66013)[0m [Client 2] AFR - Returning original params with noise
[36m(ClientAppActor pid=66015)[0m [GTG-Shapley] Between-round truncation: |0.4690 - 0.4710| = 0.0020 <= 0.005[32m [repeated 2x across cluster][0m
[36m(ClientAppActor pid=66019)[0m [Client 7] SFR - Training on wrong dataset
[36m(ClientAppActor pid=66006)[0m [GTG-Shapley] Between-round truncation: |0.4850 - 0.4890| = 0.0040 <= 0.005
[36m(ClientAppActor pid=66011)[0m [GTG-Shapley] Between-round truncation: |0.4660 - 0.4630| = 0.0030 <= 0.005

[Round 20] GTG-Shapley Values:
  Client 0: mean = 0.000763, std = 0.001147
  Client 1: mean = -0.000200, std = 0.000426
  Client 2: mean = 0.000215, std = 0.000350
  Client 3: mean = 0.000593, std = 0.001206
  Client 4: mean = 0.000378, std = 0.000569
  Client 5: mean = 0.000844, std = 0.001580
  Client 6: mean = 0.000815, std = 0.001195
  Client 7: mean = -0.000148, std = 0.000222
  Client 8: mean = 0.000778, std = 0.001459
  Client 9: mean = -0.000400, std = 0.000998

[Round 20] Contribution Scores (threshold=0.0500):
  Client 7: score = 0.0000 [ELIMINATED]
  Client 2: score = 0.0482 [ELIMINATED]
  Client 5: score = 0.8471
  Client 3: score = 0.7337
  Client 0: score = 0.8272
  Client 6: score = 0.8817
  Client 9: score = 0.6855
  Client 1: score = 1.0000
  Client 8: score = 0.8344
  Client 4: score = 0.8814

[FREE-RIDERS DETECTED]: ['7', '2']
[Round 20] Accuracy: 0.4743, Loss: 1.4631

Saving final model to disk...
Training complete!
[36m(ClientAppActor pid=66005)[0m [GTG-Shapley] Between-round truncation: |0.4710 - 0.4720| = 0.0010 <= 0.005[32m [repeated 5x across cluster][0m
